# JRE version: Java(TM) SE Runtime Environment (8.0_65-b17) (build 1.8.0_65-b17)
# Java VM: Java HotSpot(TM) 64-Bit Server VM (25.65-b01 mixed mode bsd-amd64 compressed oops)
Heap:
 PSYoungGen      total 411136K, used 19379K [0x000000076ab00000, 0x0000000785c80000, 0x00000007c0000000)
  eden space 384000K, 5% used [0x000000076ab00000,0x000000076bdece10,0x0000000782200000)
  from space 27136K, 0% used [0x0000000783d80000,0x0000000783d80000,0x0000000785800000)
  to   space 28160K, 0% used [0x0000000782200000,0x0000000782200000,0x0000000783d80000)
 ParOldGen       total 186880K, used 32844K [0x00000006c0000000, 0x00000006cb680000, 0x000000076ab00000)
  object space 186880K, 17% used [0x00000006c0000000,0x00000006c2013008,0x00000006cb680000)
 Metaspace       used 56141K, capacity 59834K, committed 60120K, reserved 1101824K
  class space    used 7950K, capacity 8580K, committed 8704K, reserved 1048576K
GC Heap History (10 events):
Event: 7.875 GC heap before
{Heap before GC invocations=12 (full 2):
 PSYoungGen      total 223744K, used 223730K [0x000000076ab00000, 0x000000077f480000, 0x00000007c0000000)
  eden space 202752K, 100% used [0x000000076ab00000,0x0000000777100000,0x0000000777100000)
  from space 20992K, 99% used [0x0000000777100000,0x000000077857cb68,0x0000000778580000)
  to   space 24576K, 0% used [0x000000077dc80000,0x000000077dc80000,0x000000077f480000)
 ParOldGen       total 143360K, used 20712K [0x00000006c0000000, 0x00000006c8c00000, 0x000000076ab00000)
  object space 143360K, 14% used [0x00000006c0000000,0x00000006c143a288,0x00000006c8c00000)
 Metaspace       used 53965K, capacity 57140K, committed 57344K, reserved 1097728K
  class space    used 7579K, capacity 8144K, committed 8192K, reserved 1048576K
Event: 7.896 GC heap after
Heap after GC invocations=12 (full 2):
 PSYoungGen      total 305664K, used 19514K [0x000000076ab00000, 0x000000077f280000, 0x00000007c0000000)
  eden space 283136K, 0% used [0x000000076ab00000,0x000000076ab00000,0x000000077bf80000)
  from space 22528K, 86% used [0x000000077dc80000,0x000000077ef8e918,0x000000077f280000)
  to   space 26112K, 0% used [0x000000077bf80000,0x000000077bf80000,0x000000077d900000)
 ParOldGen       total 143360K, used 20720K [0x00000006c0000000, 0x00000006c8c00000, 0x000000076ab00000)
  object space 143360K, 14% used [0x00000006c0000000,0x00000006c143c288,0x00000006c8c00000)
 Metaspace       used 53965K, capacity 57140K, committed 57344K, reserved 1097728K
  class space    used 7579K, capacity 8144K, committed 8192K, reserved 1048576K
}
Event: 12.112 GC heap before
{Heap before GC invocations=13 (full 2):
 PSYoungGen      total 305664K, used 134266K [0x000000076ab00000, 0x000000077f280000, 0x00000007c0000000)
  eden space 283136K, 40% used [0x000000076ab00000,0x0000000771b0ffe8,0x000000077bf80000)
  from space 22528K, 86% used [0x000000077dc80000,0x000000077ef8e918,0x000000077f280000)
  to   space 26112K, 0% used [0x000000077bf80000,0x000000077bf80000,0x000000077d900000)
 ParOldGen       total 143360K, used 20720K [0x00000006c0000000, 0x00000006c8c00000, 0x000000076ab00000)
  object space 143360K, 14% used [0x00000006c0000000,0x00000006c143c288,0x00000006c8c00000)
 Metaspace       used 55656K, capacity 59076K, committed 59096K, reserved 1099776K
  class space    used 7827K, capacity 8429K, committed 8448K, reserved 1048576K
Event: 12.132 GC heap after
Heap after GC invocations=13 (full 2):
 PSYoungGen      total 309248K, used 19462K [0x000000076ab00000, 0x0000000785800000, 0x00000007c0000000)
  eden space 283136K, 0% used [0x000000076ab00000,0x000000076ab00000,0x000000077bf80000)
  from space 26112K, 74% used [0x000000077bf80000,0x000000077d281930,0x000000077d900000)
  to   space 27136K, 0% used [0x0000000783d80000,0x0000000783d80000,0x0000000785800000)
 ParOldGen       total 143360K, used 20728K [0x00000006c0000000, 0x00000006c8c00000, 0x000000076ab00000)
  object space 143360K, 14% used [0x00000006c0000000,0x00000006c143e288,0x00000006c8c00000)
 Metaspace       used 55656K, capacity 59076K, committed 59096K, reserved 1099776K
  class space    used 7827K, capacity 8429K, committed 8448K, reserved 1048576K
}
Event: 12.132 GC heap before
{Heap before GC invocations=14 (full 3):
 PSYoungGen      total 309248K, used 19462K [0x000000076ab00000, 0x0000000785800000, 0x00000007c0000000)
  eden space 283136K, 0% used [0x000000076ab00000,0x000000076ab00000,0x000000077bf80000)
  from space 26112K, 74% used [0x000000077bf80000,0x000000077d281930,0x000000077d900000)
  to   space 27136K, 0% used [0x0000000783d80000,0x0000000783d80000,0x0000000785800000)
 ParOldGen       total 143360K, used 20728K [0x00000006c0000000, 0x00000006c8c00000, 0x000000076ab00000)
  object space 143360K, 14% used [0x00000006c0000000,0x00000006c143e288,0x00000006c8c00000)
 Metaspace       used 55656K, capacity 59076K, committed 59096K, reserved 1099776K
  class space    used 7827K, capacity 8429K, committed 8448K, reserved 1048576K
Event: 12.279 GC heap after
Heap after GC invocations=14 (full 3):
 PSYoungGen      total 309248K, used 0K [0x000000076ab00000, 0x0000000785800000, 0x00000007c0000000)
  eden space 283136K, 0% used [0x000000076ab00000,0x000000076ab00000,0x000000077bf80000)
  from space 26112K, 0% used [0x000000077bf80000,0x000000077bf80000,0x000000077d900000)
  to   space 27136K, 0% used [0x0000000783d80000,0x0000000783d80000,0x0000000785800000)
 ParOldGen       total 186880K, used 34804K [0x00000006c0000000, 0x00000006cb680000, 0x000000076ab00000)
  object space 186880K, 18% used [0x00000006c0000000,0x00000006c21fd230,0x00000006cb680000)
 Metaspace       used 55656K, capacity 59076K, committed 59096K, reserved 1099776K
  class space    used 7827K, capacity 8429K, committed 8448K, reserved 1048576K
}
Event: 16.781 GC heap before
{Heap before GC invocations=15 (full 3):
 PSYoungGen      total 309248K, used 31915K [0x000000076ab00000, 0x0000000785800000, 0x00000007c0000000)
  eden space 283136K, 11% used [0x000000076ab00000,0x000000076ca2afd8,0x000000077bf80000)
  from space 26112K, 0% used [0x000000077bf80000,0x000000077bf80000,0x000000077d900000)
  to   space 27136K, 0% used [0x0000000783d80000,0x0000000783d80000,0x0000000785800000)
 ParOldGen       total 186880K, used 34804K [0x00000006c0000000, 0x00000006cb680000, 0x000000076ab00000)
  object space 186880K, 18% used [0x00000006c0000000,0x00000006c21fd230,0x00000006cb680000)
 Metaspace       used 56039K, capacity 59656K, committed 59736K, reserved 1099776K
  class space    used 7924K, capacity 8544K, committed 8576K, reserved 1048576K
Event: 16.784 GC heap after
Heap after GC invocations=15 (full 3):
 PSYoungGen      total 411136K, used 854K [0x000000076ab00000, 0x0000000785c80000, 0x00000007c0000000)
  eden space 384000K, 0% used [0x000000076ab00000,0x000000076ab00000,0x0000000782200000)
  from space 27136K, 3% used [0x0000000783d80000,0x0000000783e55858,0x0000000785800000)
  to   space 28160K, 0% used [0x0000000782200000,0x0000000782200000,0x0000000783d80000)
 ParOldGen       total 186880K, used 34812K [0x00000006c0000000, 0x00000006cb680000, 0x000000076ab00000)
  object space 186880K, 18% used [0x00000006c0000000,0x00000006c21ff230,0x00000006cb680000)
 Metaspace       used 56039K, capacity 59656K, committed 59736K, reserved 1099776K
  class space    used 7924K, capacity 8544K, committed 8576K, reserved 1048576K
}
Event: 16.784 GC heap before
{Heap before GC invocations=16 (full 4):
 PSYoungGen      total 411136K, used 854K [0x000000076ab00000, 0x0000000785c80000, 0x00000007c0000000)
  eden space 384000K, 0% used [0x000000076ab00000,0x000000076ab00000,0x0000000782200000)
  from space 27136K, 3% used [0x0000000783d80000,0x0000000783e55858,0x0000000785800000)
  to   space 28160K, 0% used [0x0000000782200000,0x0000000782200000,0x0000000783d80000)
 ParOldGen       total 186880K, used 34812K [0x00000006c0000000, 0x00000006cb680000, 0x000000076ab00000)
  object space 186880K, 18% used [0x00000006c0000000,0x00000006c21ff230,0x00000006cb680000)
 Metaspace       used 56039K, capacity 59656K, committed 59736K, reserved 1099776K
  class space    used 7924K, capacity 8544K, committed 8576K, reserved 1048576K
Event: 17.141 GC heap after
Heap after GC invocations=16 (full 4):
 PSYoungGen      total 411136K, used 0K [0x000000076ab00000, 0x0000000785c80000, 0x00000007c0000000)
  eden space 384000K, 0% used [0x000000076ab00000,0x000000076ab00000,0x0000000782200000)
  from space 27136K, 0% used [0x0000000783d80000,0x0000000783d80000,0x0000000785800000)
  to   space 28160K, 0% used [0x0000000782200000,0x0000000782200000,0x0000000783d80000)
 ParOldGen       total 186880K, used 32844K [0x00000006c0000000, 0x00000006cb680000, 0x000000076ab00000)
  object space 186880K, 17% used [0x00000006c0000000,0x00000006c2013008,0x00000006cb680000)
 Metaspace       used 56039K, capacity 59656K, committed 59736K, reserved 1099776K
  class space    used 7924K, capacity 8544K, committed 8576K, reserved 1048576K
}

