# JRE version: Java(TM) SE Runtime Environment (8.0_65-b17) (build 1.8.0_65-b17)
# Java VM: Java HotSpot(TM) 64-Bit Server VM (25.65-b01 mixed mode bsd-amd64 compressed oops)
Heap:
 PSYoungGen      total 633856K, used 16351K [0x000000076ab00000, 0x0000000799300000, 0x00000007c0000000)
  eden space 630784K, 2% used [0x000000076ab00000,0x000000076baf7e60,0x0000000791300000)
  from space 3072K, 0% used [0x0000000796380000,0x0000000796380000,0x0000000796680000)
  to   space 24576K, 0% used [0x0000000797b00000,0x0000000797b00000,0x0000000799300000)
 ParOldGen       total 168960K, used 29123K [0x00000006c0000000, 0x00000006ca500000, 0x000000076ab00000)
  object space 168960K, 17% used [0x00000006c0000000,0x00000006c1c70c38,0x00000006ca500000)
 Metaspace       used 59169K, capacity 62876K, committed 63576K, reserved 1103872K
  class space    used 8338K, capacity 8967K, committed 9088K, reserved 1048576K
GC Heap History (10 events):
Event: 3279.802 GC heap before
{Heap before GC invocations=19 (full 3):
 PSYoungGen      total 571392K, used 544128K [0x000000076ab00000, 0x0000000797a80000, 0x00000007c0000000)
  eden space 542720K, 100% used [0x000000076ab00000,0x000000078bd00000,0x000000078bd00000)
  from space 28672K, 4% used [0x000000078bd00000,0x000000078be60160,0x000000078d900000)
  to   space 28160K, 0% used [0x0000000795f00000,0x0000000795f00000,0x0000000797a80000)
 ParOldGen       total 168960K, used 38162K [0x00000006c0000000, 0x00000006ca500000, 0x000000076ab00000)
  object space 168960K, 22% used [0x00000006c0000000,0x00000006c25448d8,0x00000006ca500000)
 Metaspace       used 59342K, capacity 63224K, committed 63320K, reserved 1103872K
  class space    used 8353K, capacity 9009K, committed 9088K, reserved 1048576K
Event: 3279.807 GC heap after
Heap after GC invocations=19 (full 3):
 PSYoungGen      total 662528K, used 2160K [0x000000076ab00000, 0x0000000796380000, 0x00000007c0000000)
  eden space 657920K, 0% used [0x000000076ab00000,0x000000076ab00000,0x0000000792d80000)
  from space 4608K, 46% used [0x0000000795f00000,0x000000079611c130,0x0000000796380000)
  to   space 27648K, 0% used [0x0000000792d80000,0x0000000792d80000,0x0000000794880000)
 ParOldGen       total 168960K, used 38170K [0x00000006c0000000, 0x00000006ca500000, 0x000000076ab00000)
  object space 168960K, 22% used [0x00000006c0000000,0x00000006c25468d8,0x00000006ca500000)
 Metaspace       used 59342K, capacity 63224K, committed 63320K, reserved 1103872K
  class space    used 8353K, capacity 9009K, committed 9088K, reserved 1048576K
}
Event: 4290.364 GC heap before
{Heap before GC invocations=20 (full 3):
 PSYoungGen      total 662528K, used 660080K [0x000000076ab00000, 0x0000000796380000, 0x00000007c0000000)
  eden space 657920K, 100% used [0x000000076ab00000,0x0000000792d80000,0x0000000792d80000)
  from space 4608K, 46% used [0x0000000795f00000,0x000000079611c130,0x0000000796380000)
  to   space 27648K, 0% used [0x0000000792d80000,0x0000000792d80000,0x0000000794880000)
 ParOldGen       total 168960K, used 38170K [0x00000006c0000000, 0x00000006ca500000, 0x000000076ab00000)
  object space 168960K, 22% used [0x00000006c0000000,0x00000006c25468d8,0x00000006ca500000)
 Metaspace       used 59343K, capacity 63224K, committed 63320K, reserved 1103872K
  class space    used 8353K, capacity 9009K, committed 9088K, reserved 1048576K
Event: 4290.399 GC heap after
Heap after GC invocations=20 (full 3):
 PSYoungGen      total 685568K, used 2576K [0x000000076ab00000, 0x000000079ac80000, 0x00000007c0000000)
  eden space 657920K, 0% used [0x000000076ab00000,0x000000076ab00000,0x0000000792d80000)
  from space 27648K, 9% used [0x0000000792d80000,0x00000007930041d0,0x0000000794880000)
  to   space 26624K, 0% used [0x0000000799280000,0x0000000799280000,0x000000079ac80000)
 ParOldGen       total 168960K, used 38178K [0x00000006c0000000, 0x00000006ca500000, 0x000000076ab00000)
  object space 168960K, 22% used [0x00000006c0000000,0x00000006c25488d8,0x00000006ca500000)
 Metaspace       used 59343K, capacity 63224K, committed 63320K, reserved 1103872K
  class space    used 8353K, capacity 9009K, committed 9088K, reserved 1048576K
}
Event: 5306.573 GC heap before
{Heap before GC invocations=21 (full 3):
 PSYoungGen      total 685568K, used 660496K [0x000000076ab00000, 0x000000079ac80000, 0x00000007c0000000)
  eden space 657920K, 100% used [0x000000076ab00000,0x0000000792d80000,0x0000000792d80000)
  from space 27648K, 9% used [0x0000000792d80000,0x00000007930041d0,0x0000000794880000)
  to   space 26624K, 0% used [0x0000000799280000,0x0000000799280000,0x000000079ac80000)
 ParOldGen       total 168960K, used 38178K [0x00000006c0000000, 0x00000006ca500000, 0x000000076ab00000)
  object space 168960K, 22% used [0x00000006c0000000,0x00000006c25488d8,0x00000006ca500000)
 Metaspace       used 59346K, capacity 63230K, committed 63320K, reserved 1103872K
  class space    used 8354K, capacity 9010K, committed 9088K, reserved 1048576K
Event: 5306.577 GC heap after
Heap after GC invocations=21 (full 3):
 PSYoungGen      total 633856K, used 2736K [0x000000076ab00000, 0x0000000799580000, 0x00000007c0000000)
  eden space 630784K, 0% used [0x000000076ab00000,0x000000076ab00000,0x0000000791300000)
  from space 3072K, 89% used [0x0000000799280000,0x000000079952c130,0x0000000799580000)
  to   space 25600K, 0% used [0x0000000796380000,0x0000000796380000,0x0000000797c80000)
 ParOldGen       total 168960K, used 38186K [0x00000006c0000000, 0x00000006ca500000, 0x000000076ab00000)
  object space 168960K, 22% used [0x00000006c0000000,0x00000006c254a8d8,0x00000006ca500000)
 Metaspace       used 59346K, capacity 63230K, committed 63320K, reserved 1103872K
  class space    used 8354K, capacity 9010K, committed 9088K, reserved 1048576K
}
Event: 5975.098 GC heap before
{Heap before GC invocations=22 (full 3):
 PSYoungGen      total 633856K, used 455164K [0x000000076ab00000, 0x0000000799580000, 0x00000007c0000000)
  eden space 630784K, 71% used [0x000000076ab00000,0x00000007864d30d0,0x0000000791300000)
  from space 3072K, 89% used [0x0000000799280000,0x000000079952c130,0x0000000799580000)
  to   space 25600K, 0% used [0x0000000796380000,0x0000000796380000,0x0000000797c80000)
 ParOldGen       total 168960K, used 38186K [0x00000006c0000000, 0x00000006ca500000, 0x000000076ab00000)
  object space 168960K, 22% used [0x00000006c0000000,0x00000006c254a8d8,0x00000006ca500000)
 Metaspace       used 59427K, capacity 63356K, committed 63576K, reserved 1103872K
  class space    used 8368K, capacity 9024K, committed 9088K, reserved 1048576K
Event: 5975.104 GC heap after
Heap after GC invocations=22 (full 3):
 PSYoungGen      total 633856K, used 2976K [0x000000076ab00000, 0x0000000799300000, 0x00000007c0000000)
  eden space 630784K, 0% used [0x000000076ab00000,0x000000076ab00000,0x0000000791300000)
  from space 3072K, 96% used [0x0000000796380000,0x0000000796668100,0x0000000796680000)
  to   space 24576K, 0% used [0x0000000797b00000,0x0000000797b00000,0x0000000799300000)
 ParOldGen       total 168960K, used 38194K [0x00000006c0000000, 0x00000006ca500000, 0x000000076ab00000)
  object space 168960K, 22% used [0x00000006c0000000,0x00000006c254c8d8,0x00000006ca500000)
 Metaspace       used 59427K, capacity 63356K, committed 63576K, reserved 1103872K
  class space    used 8368K, capacity 9024K, committed 9088K, reserved 1048576K
}
Event: 5975.104 GC heap before
{Heap before GC invocations=23 (full 4):
 PSYoungGen      total 633856K, used 2976K [0x000000076ab00000, 0x0000000799300000, 0x00000007c0000000)
  eden space 630784K, 0% used [0x000000076ab00000,0x000000076ab00000,0x0000000791300000)
  from space 3072K, 96% used [0x0000000796380000,0x0000000796668100,0x0000000796680000)
  to   space 24576K, 0% used [0x0000000797b00000,0x0000000797b00000,0x0000000799300000)
 ParOldGen       total 168960K, used 38194K [0x00000006c0000000, 0x00000006ca500000, 0x000000076ab00000)
  object space 168960K, 22% used [0x00000006c0000000,0x00000006c254c8d8,0x00000006ca500000)
 Metaspace       used 59427K, capacity 63356K, committed 63576K, reserved 1103872K
  class space    used 8368K, capacity 9024K, committed 9088K, reserved 1048576K
Event: 5975.404 GC heap after
Heap after GC invocations=23 (full 4):
 PSYoungGen      total 633856K, used 0K [0x000000076ab00000, 0x0000000799300000, 0x00000007c0000000)
  eden space 630784K, 0% used [0x000000076ab00000,0x000000076ab00000,0x0000000791300000)
  from space 3072K, 0% used [0x0000000796380000,0x0000000796380000,0x0000000796680000)
  to   space 24576K, 0% used [0x0000000797b00000,0x0000000797b00000,0x0000000799300000)
 ParOldGen       total 168960K, used 29123K [0x00000006c0000000, 0x00000006ca500000, 0x000000076ab00000)
  object space 168960K, 17% used [0x00000006c0000000,0x00000006c1c70c38,0x00000006ca500000)
 Metaspace       used 59103K, capacity 62832K, committed 63576K, reserved 1103872K
  class space    used 8317K, capacity 8932K, committed 9088K, reserved 1048576K
}

