# JRE version: Java(TM) SE Runtime Environment (8.0_65-b17) (build 1.8.0_65-b17)
# Java VM: Java HotSpot(TM) 64-Bit Server VM (25.65-b01 mixed mode bsd-amd64 compressed oops)
Heap:
 PSYoungGen      total 265216K, used 42346K [0x000000076ab00000, 0x000000077cc80000, 0x00000007c0000000)
  eden space 243200K, 17% used [0x000000076ab00000,0x000000076d45abe0,0x0000000779880000)
  from space 22016K, 0% used [0x000000077b700000,0x000000077b700000,0x000000077cc80000)
  to   space 26624K, 0% used [0x0000000779880000,0x0000000779880000,0x000000077b280000)
 ParOldGen       total 243712K, used 38297K [0x00000006c0000000, 0x00000006cee00000, 0x000000076ab00000)
  object space 243712K, 15% used [0x00000006c0000000,0x00000006c25665b8,0x00000006cee00000)
 Metaspace       used 58310K, capacity 61920K, committed 62040K, reserved 1101824K
  class space    used 8220K, capacity 8809K, committed 8832K, reserved 1048576K
GC Heap History (10 events):
Event: 4.019 GC heap before
{Heap before GC invocations=9 (full 2):
 PSYoungGen      total 158720K, used 17720K [0x000000076ab00000, 0x0000000779e00000, 0x00000007c0000000)
  eden space 139264K, 0% used [0x000000076ab00000,0x000000076ab00000,0x0000000773300000)
  from space 19456K, 91% used [0x0000000773300000,0x000000077444e2a0,0x0000000774600000)
  to   space 22016K, 0% used [0x0000000778880000,0x0000000778880000,0x0000000779e00000)
 ParOldGen       total 105472K, used 14196K [0x00000006c0000000, 0x00000006c6700000, 0x000000076ab00000)
  object space 105472K, 13% used [0x00000006c0000000,0x00000006c0ddd3f0,0x00000006c6700000)
 Metaspace       used 33492K, capacity 35322K, committed 35456K, reserved 1079296K
  class space    used 4546K, capacity 4881K, committed 4992K, reserved 1048576K
Event: 4.081 GC heap after
Heap after GC invocations=9 (full 2):
 PSYoungGen      total 158720K, used 0K [0x000000076ab00000, 0x0000000779e00000, 0x00000007c0000000)
  eden space 139264K, 0% used [0x000000076ab00000,0x000000076ab00000,0x0000000773300000)
  from space 19456K, 0% used [0x0000000773300000,0x0000000773300000,0x0000000774600000)
  to   space 22016K, 0% used [0x0000000778880000,0x0000000778880000,0x0000000779e00000)
 ParOldGen       total 175104K, used 23921K [0x00000006c0000000, 0x00000006cab00000, 0x000000076ab00000)
  object space 175104K, 13% used [0x00000006c0000000,0x00000006c175c7c0,0x00000006cab00000)
 Metaspace       used 33492K, capacity 35322K, committed 35456K, reserved 1079296K
  class space    used 4546K, capacity 4881K, committed 4992K, reserved 1048576K
}
Event: 5.420 GC heap before
{Heap before GC invocations=10 (full 2):
 PSYoungGen      total 158720K, used 139264K [0x000000076ab00000, 0x0000000779e00000, 0x00000007c0000000)
  eden space 139264K, 100% used [0x000000076ab00000,0x0000000773300000,0x0000000773300000)
  from space 19456K, 0% used [0x0000000773300000,0x0000000773300000,0x0000000774600000)
  to   space 22016K, 0% used [0x0000000778880000,0x0000000778880000,0x0000000779e00000)
 ParOldGen       total 175104K, used 23921K [0x00000006c0000000, 0x00000006cab00000, 0x000000076ab00000)
  object space 175104K, 13% used [0x00000006c0000000,0x00000006c175c7c0,0x00000006cab00000)
 Metaspace       used 42375K, capacity 44442K, committed 44672K, reserved 1087488K
  class space    used 5824K, capacity 6201K, committed 6272K, reserved 1048576K
Event: 5.432 GC heap after
Heap after GC invocations=10 (full 2):
 PSYoungGen      total 216576K, used 12015K [0x000000076ab00000, 0x0000000779880000, 0x00000007c0000000)
  eden space 200192K, 0% used [0x000000076ab00000,0x000000076ab00000,0x0000000776e80000)
  from space 16384K, 73% used [0x0000000778880000,0x000000077943bd98,0x0000000779880000)
  to   space 21504K, 0% used [0x0000000776e80000,0x0000000776e80000,0x0000000778380000)
 ParOldGen       total 175104K, used 23929K [0x00000006c0000000, 0x00000006cab00000, 0x000000076ab00000)
  object space 175104K, 13% used [0x00000006c0000000,0x00000006c175e7c0,0x00000006cab00000)
 Metaspace       used 42375K, capacity 44442K, committed 44672K, reserved 1087488K
  class space    used 5824K, capacity 6201K, committed 6272K, reserved 1048576K
}
Event: 7.180 GC heap before
{Heap before GC invocations=11 (full 2):
 PSYoungGen      total 216576K, used 212207K [0x000000076ab00000, 0x0000000779880000, 0x00000007c0000000)
  eden space 200192K, 100% used [0x000000076ab00000,0x0000000776e80000,0x0000000776e80000)
  from space 16384K, 73% used [0x0000000778880000,0x000000077943bd98,0x0000000779880000)
  to   space 21504K, 0% used [0x0000000776e80000,0x0000000776e80000,0x0000000778380000)
 ParOldGen       total 175104K, used 23929K [0x00000006c0000000, 0x00000006cab00000, 0x000000076ab00000)
  object space 175104K, 13% used [0x00000006c0000000,0x00000006c175e7c0,0x00000006cab00000)
 Metaspace       used 52449K, capacity 55292K, committed 55552K, reserved 1097728K
  class space    used 7360K, capacity 7874K, committed 7936K, reserved 1048576K
Event: 7.201 GC heap after
Heap after GC invocations=11 (full 2):
 PSYoungGen      total 221696K, used 21501K [0x000000076ab00000, 0x000000077cf00000, 0x00000007c0000000)
  eden space 200192K, 0% used [0x000000076ab00000,0x000000076ab00000,0x0000000776e80000)
  from space 21504K, 99% used [0x0000000776e80000,0x000000077837f638,0x0000000778380000)
  to   space 24576K, 0% used [0x000000077b700000,0x000000077b700000,0x000000077cf00000)
 ParOldGen       total 175104K, used 23969K [0x00000006c0000000, 0x00000006cab00000, 0x000000076ab00000)
  object space 175104K, 13% used [0x00000006c0000000,0x00000006c1768740,0x00000006cab00000)
 Metaspace       used 52449K, capacity 55292K, committed 55552K, reserved 1097728K
  class space    used 7360K, capacity 7874K, committed 7936K, reserved 1048576K
}
Event: 15.523 GC heap before
{Heap before GC invocations=12 (full 2):
 PSYoungGen      total 221696K, used 219459K [0x000000076ab00000, 0x000000077cf00000, 0x00000007c0000000)
  eden space 200192K, 98% used [0x000000076ab00000,0x0000000776c517d0,0x0000000776e80000)
  from space 21504K, 99% used [0x0000000776e80000,0x000000077837f638,0x0000000778380000)
  to   space 24576K, 0% used [0x000000077b700000,0x000000077b700000,0x000000077cf00000)
 ParOldGen       total 175104K, used 23969K [0x00000006c0000000, 0x00000006cab00000, 0x000000076ab00000)
  object space 175104K, 13% used [0x00000006c0000000,0x00000006c1768740,0x00000006cab00000)
 Metaspace       used 55634K, capacity 59018K, committed 59096K, reserved 1099776K
  class space    used 7853K, capacity 8432K, committed 8448K, reserved 1048576K
Event: 15.544 GC heap after
Heap after GC invocations=12 (full 2):
 PSYoungGen      total 265216K, used 20267K [0x000000076ab00000, 0x000000077cc80000, 0x00000007c0000000)
  eden space 243200K, 0% used [0x000000076ab00000,0x000000076ab00000,0x0000000779880000)
  from space 22016K, 92% used [0x000000077b700000,0x000000077cacac18,0x000000077cc80000)
  to   space 26624K, 0% used [0x0000000779880000,0x0000000779880000,0x000000077b280000)
 ParOldGen       total 175104K, used 23977K [0x00000006c0000000, 0x00000006cab00000, 0x000000076ab00000)
  object space 175104K, 13% used [0x00000006c0000000,0x00000006c176a740,0x00000006cab00000)
 Metaspace       used 55634K, capacity 59018K, committed 59096K, reserved 1099776K
  class space    used 7853K, capacity 8432K, committed 8448K, reserved 1048576K
}
Event: 15.544 GC heap before
{Heap before GC invocations=13 (full 3):
 PSYoungGen      total 265216K, used 20267K [0x000000076ab00000, 0x000000077cc80000, 0x00000007c0000000)
  eden space 243200K, 0% used [0x000000076ab00000,0x000000076ab00000,0x0000000779880000)
  from space 22016K, 92% used [0x000000077b700000,0x000000077cacac18,0x000000077cc80000)
  to   space 26624K, 0% used [0x0000000779880000,0x0000000779880000,0x000000077b280000)
 ParOldGen       total 175104K, used 23977K [0x00000006c0000000, 0x00000006cab00000, 0x000000076ab00000)
  object space 175104K, 13% used [0x00000006c0000000,0x00000006c176a740,0x00000006cab00000)
 Metaspace       used 55634K, capacity 59018K, committed 59096K, reserved 1099776K
  class space    used 7853K, capacity 8432K, committed 8448K, reserved 1048576K
Event: 15.717 GC heap after
Heap after GC invocations=13 (full 3):
 PSYoungGen      total 265216K, used 0K [0x000000076ab00000, 0x000000077cc80000, 0x00000007c0000000)
  eden space 243200K, 0% used [0x000000076ab00000,0x000000076ab00000,0x0000000779880000)
  from space 22016K, 0% used [0x000000077b700000,0x000000077b700000,0x000000077cc80000)
  to   space 26624K, 0% used [0x0000000779880000,0x0000000779880000,0x000000077b280000)
 ParOldGen       total 243712K, used 38297K [0x00000006c0000000, 0x00000006cee00000, 0x000000076ab00000)
  object space 243712K, 15% used [0x00000006c0000000,0x00000006c25665b8,0x00000006cee00000)
 Metaspace       used 55634K, capacity 59018K, committed 59096K, reserved 1099776K
  class space    used 7853K, capacity 8432K, committed 8448K, reserved 1048576K
}

