# JRE version: Java(TM) SE Runtime Environment (8.0_65-b17) (build 1.8.0_65-b17)
# Java VM: Java HotSpot(TM) 64-Bit Server VM (25.65-b01 mixed mode bsd-amd64 compressed oops)
Heap:
 PSYoungGen      total 301056K, used 215839K [0x000000076ab00000, 0x000000077fa00000, 0x00000007c0000000)
  eden space 292864K, 73% used [0x000000076ab00000,0x0000000777dc7dc8,0x000000077c900000)
  from space 8192K, 0% used [0x000000077c900000,0x000000077c900000,0x000000077d100000)
  to   space 25088K, 0% used [0x000000077e180000,0x000000077e180000,0x000000077fa00000)
 ParOldGen       total 246784K, used 50489K [0x00000006c0000000, 0x00000006cf100000, 0x000000076ab00000)
  object space 246784K, 20% used [0x00000006c0000000,0x00000006c314e640,0x00000006cf100000)
 Metaspace       used 59749K, capacity 63912K, committed 64216K, reserved 1103872K
  class space    used 8374K, capacity 9129K, committed 9216K, reserved 1048576K
GC Heap History (10 events):
Event: 98.392 GC heap before
{Heap before GC invocations=18 (full 5):
 PSYoungGen      total 302592K, used 9335K [0x000000076ab00000, 0x000000077fd00000, 0x00000007c0000000)
  eden space 292864K, 0% used [0x000000076ab00000,0x000000076ab00000,0x000000077c900000)
  from space 9728K, 95% used [0x000000077c900000,0x000000077d21dd28,0x000000077d280000)
  to   space 26624K, 0% used [0x000000077e300000,0x000000077e300000,0x000000077fd00000)
 ParOldGen       total 246784K, used 37214K [0x00000006c0000000, 0x00000006cf100000, 0x000000076ab00000)
  object space 246784K, 15% used [0x00000006c0000000,0x00000006c24578e8,0x00000006cf100000)
 Metaspace       used 58846K, capacity 62794K, committed 63064K, reserved 1103872K
  class space    used 8297K, capacity 8978K, committed 9088K, reserved 1048576K
Event: 98.708 GC heap after
Heap after GC invocations=18 (full 5):
 PSYoungGen      total 302592K, used 0K [0x000000076ab00000, 0x000000077fd00000, 0x00000007c0000000)
  eden space 292864K, 0% used [0x000000076ab00000,0x000000076ab00000,0x000000077c900000)
  from space 9728K, 0% used [0x000000077c900000,0x000000077c900000,0x000000077d280000)
  to   space 26624K, 0% used [0x000000077e300000,0x000000077e300000,0x000000077fd00000)
 ParOldGen       total 246784K, used 43280K [0x00000006c0000000, 0x00000006cf100000, 0x000000076ab00000)
  object space 246784K, 17% used [0x00000006c0000000,0x00000006c2a441b8,0x00000006cf100000)
 Metaspace       used 58846K, capacity 62794K, committed 63064K, reserved 1103872K
  class space    used 8297K, capacity 8978K, committed 9088K, reserved 1048576K
}
Event: 200.949 GC heap before
{Heap before GC invocations=19 (full 5):
 PSYoungGen      total 302592K, used 264669K [0x000000076ab00000, 0x000000077fd00000, 0x00000007c0000000)
  eden space 292864K, 90% used [0x000000076ab00000,0x000000077ad77680,0x000000077c900000)
  from space 9728K, 0% used [0x000000077c900000,0x000000077c900000,0x000000077d280000)
  to   space 26624K, 0% used [0x000000077e300000,0x000000077e300000,0x000000077fd00000)
 ParOldGen       total 246784K, used 43280K [0x00000006c0000000, 0x00000006cf100000, 0x000000076ab00000)
  object space 246784K, 17% used [0x00000006c0000000,0x00000006c2a441b8,0x00000006cf100000)
 Metaspace       used 59137K, capacity 63164K, committed 63320K, reserved 1103872K
  class space    used 8322K, capacity 9028K, committed 9088K, reserved 1048576K
Event: 200.960 GC heap after
Heap after GC invocations=19 (full 5):
 PSYoungGen      total 317440K, used 8046K [0x000000076ab00000, 0x000000077fb00000, 0x00000007c0000000)
  eden space 292864K, 0% used [0x000000076ab00000,0x000000076ab00000,0x000000077c900000)
  from space 24576K, 32% used [0x000000077e300000,0x000000077eadb958,0x000000077fb00000)
  to   space 25600K, 0% used [0x000000077c900000,0x000000077c900000,0x000000077e200000)
 ParOldGen       total 246784K, used 43288K [0x00000006c0000000, 0x00000006cf100000, 0x000000076ab00000)
  object space 246784K, 17% used [0x00000006c0000000,0x00000006c2a461b8,0x00000006cf100000)
 Metaspace       used 59137K, capacity 63164K, committed 63320K, reserved 1103872K
  class space    used 8322K, capacity 9028K, committed 9088K, reserved 1048576K
}
Event: 200.960 GC heap before
{Heap before GC invocations=20 (full 6):
 PSYoungGen      total 317440K, used 8046K [0x000000076ab00000, 0x000000077fb00000, 0x00000007c0000000)
  eden space 292864K, 0% used [0x000000076ab00000,0x000000076ab00000,0x000000077c900000)
  from space 24576K, 32% used [0x000000077e300000,0x000000077eadb958,0x000000077fb00000)
  to   space 25600K, 0% used [0x000000077c900000,0x000000077c900000,0x000000077e200000)
 ParOldGen       total 246784K, used 43288K [0x00000006c0000000, 0x00000006cf100000, 0x000000076ab00000)
  object space 246784K, 17% used [0x00000006c0000000,0x00000006c2a461b8,0x00000006cf100000)
 Metaspace       used 59137K, capacity 63164K, committed 63320K, reserved 1103872K
  class space    used 8322K, capacity 9028K, committed 9088K, reserved 1048576K
Event: 201.258 GC heap after
Heap after GC invocations=20 (full 6):
 PSYoungGen      total 317440K, used 0K [0x000000076ab00000, 0x000000077fb00000, 0x00000007c0000000)
  eden space 292864K, 0% used [0x000000076ab00000,0x000000076ab00000,0x000000077c900000)
  from space 24576K, 0% used [0x000000077e300000,0x000000077e300000,0x000000077fb00000)
  to   space 25600K, 0% used [0x000000077c900000,0x000000077c900000,0x000000077e200000)
 ParOldGen       total 246784K, used 46805K [0x00000006c0000000, 0x00000006cf100000, 0x000000076ab00000)
  object space 246784K, 18% used [0x00000006c0000000,0x00000006c2db55f0,0x00000006cf100000)
 Metaspace       used 59137K, capacity 63164K, committed 63320K, reserved 1103872K
  class space    used 8322K, capacity 9028K, committed 9088K, reserved 1048576K
}
Event: 243.986 GC heap before
{Heap before GC invocations=21 (full 6):
 PSYoungGen      total 317440K, used 251634K [0x000000076ab00000, 0x000000077fb00000, 0x00000007c0000000)
  eden space 292864K, 85% used [0x000000076ab00000,0x000000077a0bc928,0x000000077c900000)
  from space 24576K, 0% used [0x000000077e300000,0x000000077e300000,0x000000077fb00000)
  to   space 25600K, 0% used [0x000000077c900000,0x000000077c900000,0x000000077e200000)
 ParOldGen       total 246784K, used 46805K [0x00000006c0000000, 0x00000006cf100000, 0x000000076ab00000)
  object space 246784K, 18% used [0x00000006c0000000,0x00000006c2db55f0,0x00000006cf100000)
 Metaspace       used 59449K, capacity 63560K, committed 63576K, reserved 1103872K
  class space    used 8350K, capacity 9083K, committed 9088K, reserved 1048576K
Event: 243.994 GC heap after
Heap after GC invocations=21 (full 6):
 PSYoungGen      total 301056K, used 8030K [0x000000076ab00000, 0x000000077fa00000, 0x00000007c0000000)
  eden space 292864K, 0% used [0x000000076ab00000,0x000000076ab00000,0x000000077c900000)
  from space 8192K, 98% used [0x000000077c900000,0x000000077d0d7968,0x000000077d100000)
  to   space 25088K, 0% used [0x000000077e180000,0x000000077e180000,0x000000077fa00000)
 ParOldGen       total 246784K, used 46813K [0x00000006c0000000, 0x00000006cf100000, 0x000000076ab00000)
  object space 246784K, 18% used [0x00000006c0000000,0x00000006c2db75f0,0x00000006cf100000)
 Metaspace       used 59449K, capacity 63560K, committed 63576K, reserved 1103872K
  class space    used 8350K, capacity 9083K, committed 9088K, reserved 1048576K
}
Event: 243.994 GC heap before
{Heap before GC invocations=22 (full 7):
 PSYoungGen      total 301056K, used 8030K [0x000000076ab00000, 0x000000077fa00000, 0x00000007c0000000)
  eden space 292864K, 0% used [0x000000076ab00000,0x000000076ab00000,0x000000077c900000)
  from space 8192K, 98% used [0x000000077c900000,0x000000077d0d7968,0x000000077d100000)
  to   space 25088K, 0% used [0x000000077e180000,0x000000077e180000,0x000000077fa00000)
 ParOldGen       total 246784K, used 46813K [0x00000006c0000000, 0x00000006cf100000, 0x000000076ab00000)
  object space 246784K, 18% used [0x00000006c0000000,0x00000006c2db75f0,0x00000006cf100000)
 Metaspace       used 59449K, capacity 63560K, committed 63576K, reserved 1103872K
  class space    used 8350K, capacity 9083K, committed 9088K, reserved 1048576K
Event: 244.303 GC heap after
Heap after GC invocations=22 (full 7):
 PSYoungGen      total 301056K, used 0K [0x000000076ab00000, 0x000000077fa00000, 0x00000007c0000000)
  eden space 292864K, 0% used [0x000000076ab00000,0x000000076ab00000,0x000000077c900000)
  from space 8192K, 0% used [0x000000077c900000,0x000000077c900000,0x000000077d100000)
  to   space 25088K, 0% used [0x000000077e180000,0x000000077e180000,0x000000077fa00000)
 ParOldGen       total 246784K, used 50489K [0x00000006c0000000, 0x00000006cf100000, 0x000000076ab00000)
  object space 246784K, 20% used [0x00000006c0000000,0x00000006c314e640,0x00000006cf100000)
 Metaspace       used 59449K, capacity 63560K, committed 63576K, reserved 1103872K
  class space    used 8350K, capacity 9083K, committed 9088K, reserved 1048576K
}

